# Logfile created on 2015-08-17 21:41:38 -0700 by logger.rb/47272
D, [2015-08-17T22:02:52.999832 #18178] DEBUG -- : [:buffer, :add, {:metric=>{"intuit.FPS.check-c001.response"=>"7", "intuit.FPS.check-c001.status"=>"1"}, :time=>2015-08-17 22:02:52 -0700}]
D, [2015-08-17T22:02:52.999943 #18178] DEBUG -- : [:connector_group, :publish, 2, [GraphiteAPI::Connector localhost:2003]]
D, [2015-08-17T22:02:52.999971 #18178] DEBUG -- : [:connector, :puts, "localhost:2003", "intuit.FPS.check-c001.response 7.0 1439874172"]
D, [2015-08-17T22:02:52.999991 #18178] DEBUG -- : [:connector, ["localhost", 2003]]
D, [2015-08-17T22:02:53.000735 #18178] DEBUG -- : [:connector, :puts, "localhost:2003", "intuit.FPS.check-c001.status 1.0 1439874172"]
D, [2015-08-17T22:03:02.517775 #18178] DEBUG -- : [:buffer, :add, {:metric=>{"intuit.FPS.check-c001.response"=>"7", "intuit.FPS.check-c001.status"=>"1"}, :time=>2015-08-17 22:03:02 -0700}]
D, [2015-08-17T22:03:02.517855 #18178] DEBUG -- : [:connector_group, :publish, 2, [GraphiteAPI::Connector localhost:2003]]
D, [2015-08-17T22:03:02.517893 #18178] DEBUG -- : [:connector, :puts, "localhost:2003", "intuit.FPS.check-c001.response 7.0 1439874182"]
D, [2015-08-17T22:03:02.517935 #18178] DEBUG -- : [:connector, :puts, "localhost:2003", "intuit.FPS.check-c001.status 1.0 1439874182"]
D, [2015-08-17T22:03:06.126035 #18178] DEBUG -- : [:buffer, :add, {:metric=>{"intuit.FPS.check-c001.response"=>"8", "intuit.FPS.check-c001.status"=>"1"}, :time=>2015-08-17 22:03:06 -0700}]
D, [2015-08-17T22:03:06.126180 #18178] DEBUG -- : [:connector_group, :publish, 2, [GraphiteAPI::Connector localhost:2003]]
D, [2015-08-17T22:03:06.126213 #18178] DEBUG -- : [:connector, :puts, "localhost:2003", "intuit.FPS.check-c001.response 8.0 1439874186"]
D, [2015-08-17T22:03:06.126271 #18178] DEBUG -- : [:connector, :puts, "localhost:2003", "intuit.FPS.check-c001.status 1.0 1439874186"]
D, [2015-08-17T22:03:09.614199 #18178] DEBUG -- : [:buffer, :add, {:metric=>{"intuit.FPS.check-c001.response"=>"7.5", "intuit.FPS.check-c001.status"=>"1"}, :time=>2015-08-17 22:03:09 -0700}]
D, [2015-08-17T22:03:09.614306 #18178] DEBUG -- : [:connector_group, :publish, 2, [GraphiteAPI::Connector localhost:2003]]
D, [2015-08-17T22:03:09.614374 #18178] DEBUG -- : [:connector, :puts, "localhost:2003", "intuit.FPS.check-c001.response 7.5 1439874189"]
D, [2015-08-17T22:03:09.614440 #18178] DEBUG -- : [:connector, :puts, "localhost:2003", "intuit.FPS.check-c001.status 1.0 1439874189"]
D, [2015-08-17T22:03:11.069446 #18178] DEBUG -- : [:buffer, :add, {:metric=>{"intuit.FPS.check-c001.response"=>"7", "intuit.FPS.check-c001.status"=>"1"}, :time=>2015-08-17 22:03:11 -0700}]
D, [2015-08-17T22:03:11.069545 #18178] DEBUG -- : [:connector_group, :publish, 2, [GraphiteAPI::Connector localhost:2003]]
D, [2015-08-17T22:03:11.069577 #18178] DEBUG -- : [:connector, :puts, "localhost:2003", "intuit.FPS.check-c001.response 7.0 1439874191"]
D, [2015-08-17T22:03:11.069636 #18178] DEBUG -- : [:connector, :puts, "localhost:2003", "intuit.FPS.check-c001.status 1.0 1439874191"]
